|SourceProjectName:OPCF_UA_TechnologySamples.hpr
|DestinationProjectName:index.htm
whhost.js
whmsg.js
whmozemu.js
whproxy.js
whstub.js
whutils.js
whver.js
whform.js
whphost.js
whstart.js
whtopic.js
whframes.js
whlang.js
xmlreadhelper.js
whskin_info.htm
whskin_blank.htm
whskin_pickup.htm
whskin_homepage.htm
whskin_tw.htm
whnjs.htm
whthost.js
whtdhtml.htm
whihost.js
whibody.htm
whiform.htm
whfhost.js
whfbody.htm
whfform.htm
whghost.js
whgbody.htm
whgdhtml.htm
whgdef.htm
whproj.js
whproj.xml
whproj.htm
whxdata\whtoc.xml
whxdata\whidx.xml
whxdata\whglo.xml
whdata\whtoc.js
whdata\whtoc.htm
whdata\whtdata.js
whdata\whidx.js
whdata\whidx.htm
whdata\whidata.js
whdata\whglo.js
whdata\whglo.htm
whdata\whgdata.js
resource\resource.xml
whbrs.xml
whres.xml
whgdata\whnvp30.htm
whgdata\whnvp31.htm
whgdata\whnvp32.htm
whgdata\whnvp33.htm
whgdata\whnvt30.htm
whgdata\whnvt31.htm
whgdata\whnvt32.htm
whgdata\whnvt33.htm
whgdata\whnvf30.htm
whgdata\whnvf31.htm
whgdata\whnvf32.htm
whgdata\whnvf33.htm
whgdata\whnvl31.htm
whgdata\whnvl32.htm
whgdata\whnvl33.htm
whgdata\whexpbar.gif
cshdat_webhelp.htm
whcsh_home.htm
whcshdata.htm
cshdat_robohelp.htm
wht_tab0.gif
wht_tab1.gif
wht_tab2.gif
wht_tab3.gif
wht_tab4.gif
wht_tab5.gif
wht_tab6.gif
wht_tab7.gif
wht_tab8.gif
wht_glo_h.gif
wht_glo_n.gif
wht_fts_h.gif
wht_fts_n.gif
wht_idx_h.gif
wht_idx_n.gif
wht_toc_h.gif
wht_toc_n.gif
wht_ws.gif
wht_ws_g.gif
wht_logo1.gif
wht_logo2.gif
wht_abgw.jpg
wht_abgi.jpg
wht_abge.jpg
wht_abtw.jpg
wht_abte.jpg
wht_abti.jpg
wht_spac.gif
wht_next.gif
wht_next_g.gif
wht_prev.gif
wht_prev_g.gif
wht_sync.gif
wht_hide.gif
wht_go.gif
whstart.ico
whestart.ico
whrstart.ico
whidhtml.htm
whfdhtml.htm
whskin_banner.htm
whtbar.js
whskin_pdhtml.htm
whskin_plist.htm
whskin_tbars.htm
whskin_mbars.htm
wht_toc4.gif
wht_toc1.gif
wht_toc2.gif
wht_toc3.gif
whskin_frmset010.htm
whst_topics.xml
whskin_frmset01.htm
index_hha.hhk
index.hhc
index.hhk
about_technologyname.htm
about_the_opc_foundation.htm
acclient_configuration.htm
acclientoverview.htm
acserver_configuration.htm
acserveroverview.htm
address_space_navigation.htm
alarms_&_conditions_overview.htm
certification.htm
client_development.htm
com_interop_components_mergemodule.htm
comiop_overview.htm
daclientconfiguration.htm
daclientoverview.htm
daserverconfiguration.htm
daserveroverview.htm
data_access_overview.htm
developing_ua_applications.htm
dotnet_stack_mergemodule.htm
firewall_settings.htm
genericclientconfiguration.htm
genericserverconfiguration.htm
getting_started.htm
haclientoverview.htm
hadata_client_aggregates.htm
hadataclient_configuration.htm
hadataserver_configuration.htm
haeventsclient_configuration.htm
haeventsclientoverview.htm
haeventsserver_configuration.htm
haeventsserveroverview.htm
haserveroverview.htm
historical_access_overview.htm
https_connectivity.htm
launching_the_configuration_tool.htm
license_agreement.htm
local_discovery_server_(lds).htm
local_discovery_server_mergemodule.htm
overview.htm
overview_-_reference_client.htm
overview_redistributables.htm
overview_referenceserver.htm
overviewsecuringapplications.htm
reading_nodes.htm
server_development.htm
splash.htm
starting___stopping_the_service.htm
step_1_-_new_project.htm
step_1_-_new_projectclient.htm
step_2_-_address_space.htm
step_2_-_enhance_user_interface.htm
step_3_-_reading_values.htm
step_3_-_setup_subscription.htm
step_4_-_consuming_datachanges.htm
step_4_-_handling_write_requests.htm
step_5_-_testing_server.htm
step_5_-_testing_your_client.htm
step_6_-_deploying_server.htm
step_6_-_deploying_your_client.htm
subscriptions.htm
the_information_screen.htm
troubleshooting.htm
trusting_applications_built_from_other_frameworks.htm
trusting_applications_built_with_.net_api.htm
ua_configuration_tool.htm
ua_sample_client.htm
ua_sample_server.htm
uaconfig_http_access_rules.htm
uaconfig_manage_application.htm
uaconfig_manage_certificates.htm
uaconfig_manage_com_interop.htm
uaconfig_manage_security.htm
uagenericclientdiscovery.htm
useful_components.htm
using_merge_modules.htm
welcome.htm
writing_to_nodes.htm
index.glo
ms_help.css
default.css
image127.gif
image116.gif
image105.gif
image81.gif
image70.gif
image117.gif
image106.gif
image93.gif
image82.gif
image71.gif
image60.gif
image118.gif
image107.gif
image83.gif
image61.gif
image50.gif
image119.gif
rejectedcertificatesstore.png
image108.gif
image95.gif
image84.gif
image73.gif
image62.gif
image51.gif
image40.gif
image109.gif
image96.gif
image74.gif
image63.gif
image52.gif
image41.gif
image30.gif
image97.gif
image86.gif
image75.gif
image64.gif
image53.gif
image42.gif
image31.gif
image20.gif
image87.gif
image76.gif
image65.gif
image54.gif
image43.gif
image32.gif
image21.gif
image10.gif
image99.gif
image88.gif
image77.gif
image66.gif
image55.gif
image33.gif
image22.gif
image11.gif
bigcoapp.png
image89.gif
image78.gif
image67.gif
image56.gif
image45.gif
image34.gif
image23.gif
image12.gif
error-badsecurechannelclosed.png
opcfoundation.jpg
image79.gif
image68.gif
image57.gif
image46.gif
image35.gif
image24.gif
image2.gif
image120.gif
image69.gif
image58.gif
image47.gif
image36.gif
image25.gif
image14.gif
image3.gif
image121.gif
image110.gif
image59.gif
image48.gif
image37.gif
image26.gif
image15.gif
image4.gif
image122.gif
image111.gif
image100.gif
image49.gif
image38.gif
image27.gif
image16.gif
image5.gif
image123.gif
image112.gif
image101.gif
image39.gif
image28.gif
image17.gif
image124.gif
image113.gif
image102.gif
image18.gif
image7.gif
image125.gif
image114.gif
image103.gif
image90.gif
image19.gif
image8.gif
image126.gif
image115.gif
image104.gif
image91.gif
image80.gif
image9.gif
ehlpdhtm.js
searchoptions.xml
index.ppf
robohhre.lng
ss_btn_related_topics.gif
whxdata\package_0.xml
whxdata\package_1.xml
whxdata\package_2.xml
whxdata\package_3.xml
whxdata\packageindex.xml
whxdata\synonym.xml
whxdata\topictable_0.xml
whxdata\topictableindex.xml
whxdata\whfts.xml
whxdata\whtdata0.xml
whdata\whtdata0.htm
whgdata\whlstt0.htm
whgdata\whlstt1.htm
whgdata\whlstt2.htm
whgdata\whlstt3.htm
whgdata\whlstt4.htm
whgdata\whlstt5.htm
whgdata\whlstt6.htm
whgdata\whlstt7.htm
whgdata\whlstt8.htm
whgdata\whlstt9.htm
whgdata\whlstt10.htm
whgdata\whlstt11.htm
whgdata\whlstt12.htm
whgdata\whlstt13.htm
whgdata\whlstt14.htm
whgdata\whlstt15.htm
whgdata\whlstt16.htm
whgdata\whlstt17.htm
whgdata\whlsti0.htm
whgdata\whlstfl0.htm
whgdata\whlstfl1.htm
whgdata\whlstfl2.htm
whgdata\whlstfl3.htm
whgdata\whlstfl4.htm
whgdata\whlstfl5.htm
whgdata\whlstfl6.htm
whgdata\whlstfl7.htm
whgdata\whlstfl8.htm
whgdata\whlstfl9.htm
whgdata\whlstfl10.htm
whgdata\whlstfl11.htm
whgdata\whlstfl12.htm
whgdata\whlstfl13.htm
whgdata\whlstfl14.htm
whgdata\whlstfl15.htm
whgdata\whlstfl16.htm
whgdata\whlstfl17.htm
whgdata\whlstfl18.htm
whgdata\whlstfl19.htm
whgdata\whlstfl20.htm
whgdata\whlstfl21.htm
whgdata\whlstfl22.htm
whgdata\whlstfl23.htm
whgdata\whlstfl24.htm
whgdata\whlstf0.htm
whgdata\whlstf1.htm
whgdata\whlstf2.htm
whgdata\whlstf3.htm
whgdata\whlstf4.htm
whgdata\whlstf5.htm
whgdata\whlstf6.htm
whgdata\whlstf7.htm
whgdata\whlstf8.htm
whgdata\whlstf9.htm
whgdata\whlstf10.htm
whgdata\whlstf11.htm
whgdata\whlstf12.htm
whgdata\whlstf13.htm
whgdata\whlstf14.htm
whgdata\whlstf15.htm
whgdata\whlstf16.htm
whgdata\whlstf17.htm
whgdata\whlstf18.htm
whgdata\whlstf19.htm
whgdata\whlstf20.htm
whgdata\whlstf21.htm
whgdata\whlstf22.htm
whgdata\whlstf23.htm
whgdata\whlstf24.htm
whgdata\whlstf25.htm
whgdata\whlstf26.htm
whgdata\whlstf27.htm
whgdata\whlstf28.htm
whgdata\whlstf29.htm
whgdata\whlstf30.htm
whgdata\whlstf31.htm
whgdata\whlstf32.htm
whgdata\whlstf33.htm
whgdata\whlstf34.htm
whgdata\whlstf35.htm
whgdata\whlstf36.htm
whgdata\whlstf37.htm
whgdata\whlstf38.htm
whgdata\whlstf39.htm
whgdata\whlstf40.htm
whgdata\whlstf41.htm
whgdata\whlstf42.htm
whgdata\whlstf43.htm
whgdata\whlstf44.htm
whgdata\whlstf45.htm
whgdata\whlstf46.htm
whgdata\whlstf47.htm
whgdata\whlstf48.htm
whgdata\whlstf49.htm
whgdata\whlstf50.htm
whgdata\whlstf51.htm
whgdata\whlstf52.htm
whgdata\whlstf53.htm
whgdata\whlstf54.htm
whgdata\whlstf55.htm
whgdata\whlstf56.htm
whgdata\whlstf57.htm
whgdata\whlstf58.htm
whgdata\whlstf59.htm
whgdata\whlstf60.htm
whgdata\whlstf61.htm
whgdata\whlstf62.htm
whgdata\whlstf63.htm
whgdata\whlstf64.htm
whgdata\whlstf65.htm
whgdata\whlstf66.htm
whgdata\whlstf67.htm
whgdata\whlstf68.htm
whgdata\whlstf69.htm
whgdata\whlstf70.htm
whgdata\whlstf71.htm
whgdata\whlstf72.htm
whgdata\whlstf73.htm
whgdata\whlstf74.htm
whgdata\whlstf75.htm
whgdata\whlstf76.htm
whgdata\whlstf77.htm
whgdata\whlstf78.htm
whgdata\whlstf79.htm
whgdata\whlstf80.htm
whgdata\whlstf81.htm
whgdata\whlstf82.htm
whgdata\whlstf83.htm
whgdata\whlstf84.htm
whgdata\whlstf85.htm
whgdata\whlstf86.htm
whgdata\whlstf87.htm
whgdata\whlstf88.htm
whgdata\whlstf89.htm
whgdata\whlstg0.htm
index.htm
index_csh.htm
index_rhc.htm
